{"timestamp": "2026-06-29T02:57:44.089588+00:00", "level": "INFO", "logger": "init_db", "message": "Initialising database at C:\\Users\\aizu0\\Documents\\vscode\\helix_lending_rbc\\output\\helix_fund.db", "layer": "init", "event": "load_start", "batch_date": "2026-06-29"}
{"timestamp": "2026-06-29T02:57:44.110587+00:00", "level": "INFO", "logger": "init_db", "message": "\u2705  raw_loan", "layer": "init", "table": "raw_loan", "event": "checkpoint", "batch_date": "2026-06-29"}
{"timestamp": "2026-06-29T02:57:44.113294+00:00", "level": "INFO", "logger": "init_db", "message": "\u2705  raw_payment", "layer": "init", "table": "raw_payment", "event": "checkpoint", "batch_date": "2026-06-29"}
{"timestamp": "2026-06-29T02:57:44.114897+00:00", "level": "INFO", "logger": "init_db", "message": "\u2705  err_loan", "layer": "init", "table": "err_loan", "event": "checkpoint", "batch_date": "2026-06-29"}
{"timestamp": "2026-06-29T02:57:44.117495+00:00", "level": "INFO", "logger": "init_db", "message": "\u2705  err_payment", "layer": "init", "table": "err_payment", "event": "checkpoint", "batch_date": "2026-06-29"}
{"timestamp": "2026-06-29T02:57:44.119116+00:00", "level": "INFO", "logger": "init_db", "message": "\u2705  lnd_loan", "layer": "init", "table": "lnd_loan", "event": "checkpoint", "batch_date": "2026-06-29"}
{"timestamp": "2026-06-29T02:57:44.121797+00:00", "level": "INFO", "logger": "init_db", "message": "\u2705  lnd_payment", "layer": "init", "table": "lnd_payment", "event": "checkpoint", "batch_date": "2026-06-29"}
{"timestamp": "2026-06-29T02:57:44.123646+00:00", "level": "INFO", "logger": "init_db", "message": "\u2705  dq_results", "layer": "init", "table": "dq_results", "event": "checkpoint", "batch_date": "2026-06-29"}
{"timestamp": "2026-06-29T02:57:44.127087+00:00", "level": "INFO", "logger": "init_db", "message": "\u2705  stg_loan_payment", "layer": "init", "table": "stg_loan_payment", "event": "checkpoint", "batch_date": "2026-06-29"}
{"timestamp": "2026-06-29T02:57:44.128985+00:00", "level": "INFO", "logger": "init_db", "message": "\u2705  dim_customer", "layer": "init", "table": "dim_customer", "event": "checkpoint", "batch_date": "2026-06-29"}
{"timestamp": "2026-06-29T02:57:44.131701+00:00", "level": "INFO", "logger": "init_db", "message": "\u2705  dim_date", "layer": "init", "table": "dim_date", "event": "checkpoint", "batch_date": "2026-06-29"}
{"timestamp": "2026-06-29T02:57:44.133690+00:00", "level": "INFO", "logger": "init_db", "message": "\u2705  fct_loan", "layer": "init", "table": "fct_loan", "event": "checkpoint", "batch_date": "2026-06-29"}
{"timestamp": "2026-06-29T02:57:44.136444+00:00", "level": "INFO", "logger": "init_db", "message": "\u2705  fct_payment", "layer": "init", "table": "fct_payment", "event": "checkpoint", "batch_date": "2026-06-29"}
{"timestamp": "2026-06-29T02:57:44.137855+00:00", "level": "INFO", "logger": "init_db", "message": "\u2705  mart_delinquency", "layer": "init", "table": "mart_delinquency", "event": "checkpoint", "batch_date": "2026-06-29"}
{"timestamp": "2026-06-29T02:57:44.140374+00:00", "level": "INFO", "logger": "init_db", "message": "\u2705  mart_payment_anomaly", "layer": "init", "table": "mart_payment_anomaly", "event": "checkpoint", "batch_date": "2026-06-29"}
{"timestamp": "2026-06-29T02:57:44.142277+00:00", "level": "INFO", "logger": "init_db", "message": "\u2705  mart_data_observability", "layer": "init", "table": "mart_data_observability", "event": "checkpoint", "batch_date": "2026-06-29"}
{"timestamp": "2026-06-29T02:57:44.153862+00:00", "level": "INFO", "logger": "init_db", "message": "Initialisation complete \u2014 15 tables ready in C:\\Users\\aizu0\\Documents\\vscode\\helix_lending_rbc\\output\\helix_fund.db", "layer": "init", "event": "load_end", "duration_sec": 0.064, "batch_date": "2026-06-29"}
{"timestamp": "2026-06-29T03:01:48.493784+00:00", "level": "INFO", "logger": "assets.dq.dq_lnd_loan", "message": "Starting DQ checks on lnd_loan", "layer": "dq", "table": "lnd_loan", "event": "load_start", "batch_date": "2026-06-29"}
{"timestamp": "2026-06-29T03:02:13.676663+00:00", "level": "INFO", "logger": "assets.landing.lnd_loan", "message": "Starting lnd_loan transformation from raw_loan", "layer": "lnd", "table": "lnd_loan", "event": "load_start", "batch_date": "2026-06-29"}
{"timestamp": "2026-06-29T03:02:39.431922+00:00", "level": "INFO", "logger": "assets.landing.lnd_loan", "message": "Starting lnd_loan transformation from raw_loan", "layer": "lnd", "table": "lnd_loan", "event": "load_start", "batch_date": "2026-06-29"}
{"timestamp": "2026-06-29T03:02:39.455626+00:00", "level": "WARNING", "logger": "assets.landing.lnd_loan", "message": "raw_loan is empty \u2014 nothing to process", "layer": "lnd", "table": "lnd_loan", "event": "checkpoint", "batch_date": "2026-06-29"}
{"timestamp": "2026-06-29T03:04:36.668915+00:00", "level": "INFO", "logger": "assets.ingestion.raw_loan", "message": "Starting raw_loan ingestion from loans.csv", "layer": "raw", "table": "raw_loan", "event": "load_start", "source_file": "loans.csv", "batch_date": "2026-06-29"}
{"timestamp": "2026-06-29T03:07:21.157361+00:00", "level": "INFO", "logger": "assets.ingestion.raw_loan", "message": "raw_loan complete: 10030 inserted, 0 rejected, 10030 total rows in table", "layer": "raw", "table": "raw_loan", "event": "load_end", "rows_in": 10030, "rows_out": 10030, "rows_rejected": 0, "duration_sec": 164.489, "source_file": "loans.csv", "batch_date": "2026-06-29"}
{"timestamp": "2026-06-29T03:07:48.709997+00:00", "level": "INFO", "logger": "assets.landing.lnd_loan", "message": "Starting lnd_loan transformation from raw_loan", "layer": "lnd", "table": "lnd_loan", "event": "load_start", "batch_date": "2026-06-29"}
{"timestamp": "2026-06-29T03:07:48.786451+00:00", "level": "INFO", "logger": "assets.landing.lnd_loan", "message": "Read 10030 rows from raw_loan batch 2026-06-29 11:04:36.668316", "layer": "lnd", "table": "lnd_loan", "event": "checkpoint", "rows_in": 10030, "batch_date": "2026-06-29"}
{"timestamp": "2026-06-29T03:07:48.799769+00:00", "level": "WARNING", "logger": "assets.landing.lnd_loan", "message": "loan_id=L0007778: ValueError: Negative principal amount: '$-849,596.78'", "layer": "lnd", "table": "lnd_loan", "event": "row_rejected", "batch_date": "2026-06-29"}
{"timestamp": "2026-06-29T03:07:48.843749+00:00", "level": "WARNING", "logger": "assets.landing.lnd_loan", "message": "loan_id=L0000457: ValueError: Negative principal amount: '-1759077'", "layer": "lnd", "table": "lnd_loan", "event": "row_rejected", "batch_date": "2026-06-29"}
{"timestamp": "2026-06-29T03:07:48.866345+00:00", "level": "WARNING", "logger": "assets.landing.lnd_loan", "message": "loan_id=L0002035: ValueError: Negative principal amount: '-1867274'", "layer": "lnd", "table": "lnd_loan", "event": "row_rejected", "batch_date": "2026-06-29"}
{"timestamp": "2026-06-29T03:07:48.890027+00:00", "level": "WARNING", "logger": "assets.landing.lnd_loan", "message": "loan_id=L0000124: ValueError: Negative principal amount: '-35904'", "layer": "lnd", "table": "lnd_loan", "event": "row_rejected", "batch_date": "2026-06-29"}
{"timestamp": "2026-06-29T03:07:49.017629+00:00", "level": "WARNING", "logger": "assets.landing.lnd_loan", "message": "loan_id=L0000790: ValueError: Negative principal amount: '-32350'", "layer": "lnd", "table": "lnd_loan", "event": "row_rejected", "batch_date": "2026-06-29"}
{"timestamp": "2026-06-29T03:11:20.248767+00:00", "level": "INFO", "logger": "assets.landing.lnd_loan", "message": "lnd_loan complete: 10025 inserted, 0 SCD2 closes, 0 unchanged, 5 rejected", "layer": "lnd", "table": "lnd_loan", "event": "load_end", "rows_in": 10030, "rows_out": 10025, "rows_rejected": 5, "duration_sec": 211.539, "batch_date": "2026-06-29"}
{"timestamp": "2026-06-29T03:14:08.820917+00:00", "level": "INFO", "logger": "assets.landing.lnd_loan", "message": "Starting lnd_loan transformation from raw_loan", "layer": "lnd", "table": "lnd_loan", "event": "load_start", "batch_date": "2026-06-29"}
{"timestamp": "2026-06-29T03:14:08.891345+00:00", "level": "INFO", "logger": "assets.landing.lnd_loan", "message": "Read 10030 rows from raw_loan batch 2026-06-29 11:04:36.668316", "layer": "lnd", "table": "lnd_loan", "event": "checkpoint", "rows_in": 10030, "batch_date": "2026-06-29"}
{"timestamp": "2026-06-29T03:14:08.915074+00:00", "level": "WARNING", "logger": "assets.landing.lnd_loan", "message": "loan_id=L0007778: ValueError: Negative principal amount: '$-849,596.78'", "layer": "lnd", "table": "lnd_loan", "event": "row_rejected", "batch_date": "2026-06-29"}
{"timestamp": "2026-06-29T03:14:08.964919+00:00", "level": "WARNING", "logger": "assets.landing.lnd_loan", "message": "loan_id=L0000457: ValueError: Negative principal amount: '-1759077'", "layer": "lnd", "table": "lnd_loan", "event": "row_rejected", "batch_date": "2026-06-29"}
{"timestamp": "2026-06-29T03:14:08.992293+00:00", "level": "WARNING", "logger": "assets.landing.lnd_loan", "message": "loan_id=L0002035: ValueError: Negative principal amount: '-1867274'", "layer": "lnd", "table": "lnd_loan", "event": "row_rejected", "batch_date": "2026-06-29"}
{"timestamp": "2026-06-29T03:14:09.016690+00:00", "level": "WARNING", "logger": "assets.landing.lnd_loan", "message": "loan_id=L0000124: ValueError: Negative principal amount: '-35904'", "layer": "lnd", "table": "lnd_loan", "event": "row_rejected", "batch_date": "2026-06-29"}
{"timestamp": "2026-06-29T03:14:09.153467+00:00", "level": "WARNING", "logger": "assets.landing.lnd_loan", "message": "loan_id=L0000790: ValueError: Negative principal amount: '-32350'", "layer": "lnd", "table": "lnd_loan", "event": "row_rejected", "batch_date": "2026-06-29"}
{"timestamp": "2026-06-29T03:14:09.275782+00:00", "level": "INFO", "logger": "assets.landing.lnd_loan", "message": "SCD2: closed 16 changed loan rows", "layer": "lnd", "table": "lnd_loan", "event": "checkpoint", "batch_date": "2026-06-29"}
{"timestamp": "2026-06-29T03:14:09.709847+00:00", "level": "INFO", "logger": "assets.landing.lnd_loan", "message": "lnd_loan complete: 16 inserted, 16 SCD2 closes, 10009 unchanged, 5 rejected", "layer": "lnd", "table": "lnd_loan", "event": "load_end", "rows_in": 10030, "rows_out": 16, "rows_rejected": 5, "duration_sec": 0.889, "batch_date": "2026-06-29"}
{"timestamp": "2026-06-29T03:15:30.345585+00:00", "level": "INFO", "logger": "assets.ingestion.raw_payment", "message": "Starting raw_payment ingestion from payments.jsonl", "layer": "raw", "table": "raw_payment", "event": "load_start", "source_file": "payments.jsonl", "batch_date": "2026-06-29"}
{"timestamp": "2026-06-29T03:32:23.650997+00:00", "level": "INFO", "logger": "assets.ingestion.raw_payment", "message": "raw_payment complete: 74786 inserted, 0 rejected, 74786 total rows in table", "layer": "raw", "table": "raw_payment", "event": "load_end", "rows_in": 74786, "rows_out": 74786, "rows_rejected": 0, "duration_sec": 1013.305, "source_file": "payments.jsonl", "batch_date": "2026-06-29"}
{"timestamp": "2026-06-29T03:35:16.700723+00:00", "level": "INFO", "logger": "assets.landing.lnd_payment", "message": "Starting lnd_payment transformation from raw_payment", "layer": "lnd", "table": "lnd_payment", "event": "load_start", "batch_date": "2026-06-29"}
{"timestamp": "2026-06-29T03:35:16.957202+00:00", "level": "INFO", "logger": "assets.landing.lnd_payment", "message": "Read 74786 rows from raw_payment batch 2026-06-29 11:15:30.345430", "layer": "lnd", "table": "lnd_payment", "event": "checkpoint", "rows_in": 74786, "batch_date": "2026-06-29"}
{"timestamp": "2026-06-29T03:52:47.421333+00:00", "level": "INFO", "logger": "assets.landing.lnd_payment", "message": "lnd_payment complete: 74786 inserted, 0 skipped (dedup), 0 rejected", "layer": "lnd", "table": "lnd_payment", "event": "load_end", "rows_in": 74786, "rows_out": 74786, "rows_rejected": 0, "duration_sec": 1050.721, "batch_date": "2026-06-29"}
{"timestamp": "2026-06-29T04:03:14.164783+00:00", "level": "INFO", "logger": "assets.dq.dq_lnd_loan", "message": "Starting DQ checks on lnd_loan", "layer": "dq", "table": "lnd_loan", "event": "load_start", "batch_date": "2026-06-29"}
{"timestamp": "2026-06-29T04:03:34.274757+00:00", "level": "INFO", "logger": "assets.dq.dq_lnd_loan", "message": "Starting DQ checks on lnd_loan", "layer": "dq", "table": "lnd_loan", "event": "load_start", "batch_date": "2026-06-29"}
{"timestamp": "2026-06-29T04:03:34.308150+00:00", "level": "ERROR", "logger": "assets.dq.dq_lnd_loan", "message": "Uniqueness: 14 duplicate loan_ids", "layer": "dq", "table": "lnd_loan", "event": "dq_fail", "batch_date": "2026-06-29"}
{"timestamp": "2026-06-29T04:03:34.314433+00:00", "level": "WARNING", "logger": "assets.dq.dq_lnd_loan", "message": "Validity warning: 1228 unrecognised status values", "layer": "dq", "table": "lnd_loan", "event": "checkpoint", "batch_date": "2026-06-29"}
{"timestamp": "2026-06-29T04:03:34.315790+00:00", "level": "WARNING", "logger": "assets.dq.dq_lnd_loan", "message": "Validity warning: 2482 unrecognised origination_channel values", "layer": "dq", "table": "lnd_loan", "event": "checkpoint", "batch_date": "2026-06-29"}
{"timestamp": "2026-06-29T04:03:34.502606+00:00", "level": "ERROR", "logger": "assets.dq.dq_lnd_loan", "message": "DQ FAILED \u2014 1 breach(es): Uniqueness: 14 duplicate loan_ids", "layer": "dq", "table": "lnd_loan", "event": "dq_fail", "duration_sec": 0.228, "batch_date": "2026-06-29"}
{"timestamp": "2026-06-29T04:23:19.560160+00:00", "level": "INFO", "logger": "init_db", "message": "Initialising database at C:\\Users\\aizu0\\Documents\\vscode\\helix_lending_rbc\\output\\helix_fund.db", "layer": "init", "event": "load_start", "batch_date": "2026-06-29"}
{"timestamp": "2026-06-29T04:23:19.581220+00:00", "level": "INFO", "logger": "init_db", "message": "\u2705  raw_loan", "layer": "init", "table": "raw_loan", "event": "checkpoint", "batch_date": "2026-06-29"}
{"timestamp": "2026-06-29T04:23:19.583999+00:00", "level": "INFO", "logger": "init_db", "message": "\u2705  raw_payment", "layer": "init", "table": "raw_payment", "event": "checkpoint", "batch_date": "2026-06-29"}
{"timestamp": "2026-06-29T04:23:19.585462+00:00", "level": "INFO", "logger": "init_db", "message": "\u2705  err_loan", "layer": "init", "table": "err_loan", "event": "checkpoint", "batch_date": "2026-06-29"}
{"timestamp": "2026-06-29T04:23:19.588229+00:00", "level": "INFO", "logger": "init_db", "message": "\u2705  err_payment", "layer": "init", "table": "err_payment", "event": "checkpoint", "batch_date": "2026-06-29"}
{"timestamp": "2026-06-29T04:23:19.589928+00:00", "level": "INFO", "logger": "init_db", "message": "\u2705  lnd_loan", "layer": "init", "table": "lnd_loan", "event": "checkpoint", "batch_date": "2026-06-29"}
{"timestamp": "2026-06-29T04:23:19.592409+00:00", "level": "INFO", "logger": "init_db", "message": "\u2705  lnd_payment", "layer": "init", "table": "lnd_payment", "event": "checkpoint", "batch_date": "2026-06-29"}
{"timestamp": "2026-06-29T04:23:19.593920+00:00", "level": "INFO", "logger": "init_db", "message": "\u2705  dq_results", "layer": "init", "table": "dq_results", "event": "checkpoint", "batch_date": "2026-06-29"}
{"timestamp": "2026-06-29T04:23:19.596998+00:00", "level": "INFO", "logger": "init_db", "message": "\u2705  stg_loan_payment", "layer": "init", "table": "stg_loan_payment", "event": "checkpoint", "batch_date": "2026-06-29"}
{"timestamp": "2026-06-29T04:23:19.598632+00:00", "level": "INFO", "logger": "init_db", "message": "\u2705  dim_customer", "layer": "init", "table": "dim_customer", "event": "checkpoint", "batch_date": "2026-06-29"}
{"timestamp": "2026-06-29T04:23:19.601278+00:00", "level": "INFO", "logger": "init_db", "message": "\u2705  dim_date", "layer": "init", "table": "dim_date", "event": "checkpoint", "batch_date": "2026-06-29"}
{"timestamp": "2026-06-29T04:23:19.602932+00:00", "level": "INFO", "logger": "init_db", "message": "\u2705  fct_loan", "layer": "init", "table": "fct_loan", "event": "checkpoint", "batch_date": "2026-06-29"}
{"timestamp": "2026-06-29T04:23:19.605420+00:00", "level": "INFO", "logger": "init_db", "message": "\u2705  fct_payment", "layer": "init", "table": "fct_payment", "event": "checkpoint", "batch_date": "2026-06-29"}
{"timestamp": "2026-06-29T04:23:19.607269+00:00", "level": "INFO", "logger": "init_db", "message": "\u2705  mart_delinquency", "layer": "init", "table": "mart_delinquency", "event": "checkpoint", "batch_date": "2026-06-29"}
{"timestamp": "2026-06-29T04:23:19.610138+00:00", "level": "INFO", "logger": "init_db", "message": "\u2705  mart_payment_anomaly", "layer": "init", "table": "mart_payment_anomaly", "event": "checkpoint", "batch_date": "2026-06-29"}
{"timestamp": "2026-06-29T04:23:19.611831+00:00", "level": "INFO", "logger": "init_db", "message": "\u2705  mart_data_observability", "layer": "init", "table": "mart_data_observability", "event": "checkpoint", "batch_date": "2026-06-29"}
{"timestamp": "2026-06-29T04:23:19.624678+00:00", "level": "INFO", "logger": "init_db", "message": "Initialisation complete \u2014 15 tables ready in C:\\Users\\aizu0\\Documents\\vscode\\helix_lending_rbc\\output\\helix_fund.db", "layer": "init", "event": "load_end", "duration_sec": 0.065, "batch_date": "2026-06-29"}
